<?xml version="1.0" encoding="UTF-8"?>
<!-- Generated by org.testng.reporters.JUnitXMLReporter -->
<testsuite hostname="CANDLE" ignored="0" name="Test-Performance" tests="1" failures="0" timestamp="04 апр 2019 03:19:45 GMT" time="1.56" errors="0">
  <testcase name="@BeforeSuite baseTestSetUp" time="2.379" classname="baseplatformANDROID.BaseTest">
    <failure type="io.appium.java_client.service.local.InvalidServerInstanceException" message="Invalid server instance exception has occured: There is no installed nodes! Please install node via NPM (https://www.npmjs.com/package/appium#using-node-js) or download and install Appium app (http://appium.io/downloads.html)">
      <![CDATA[io.appium.java_client.service.local.InvalidServerInstanceException: Invalid server instance exception has occured: There is no installed nodes! Please install node via NPM (https://www.npmjs.com/package/appium#using-node-js) or download and install Appium app (http://appium.io/downloads.html)
	at io.appium.java_client.service.local.AppiumServiceBuilder.findNodeInCurrentFileSystem(AppiumServiceBuilder.java:156)
	at io.appium.java_client.service.local.AppiumServiceBuilder.checkAppiumJS(AppiumServiceBuilder.java:317)
	at io.appium.java_client.service.local.AppiumServiceBuilder.createArgs(AppiumServiceBuilder.java:397)
	at org.openqa.selenium.remote.service.DriverService$Builder.build(DriverService.java:332)
	at io.appium.java_client.service.local.AppiumDriverLocalService.buildService(AppiumDriverLocalService.java:76)
	at baseplatformANDROID.BaseTest.baseTestSetUp(BaseTest.java:52)
Caused by: java.io.IOException: module.js:549
    throw err;
    ^

Error: Cannot find module 'C:\Program Files\nodejs\node_modules\npm\bin\node_modules\npm\bin\npm-cli.js'
    at Function.Module._resolveFilename (module.js:547:15)
    at Function.Module._load (module.js:474:25)
    at Function.Module.runMain (module.js:693:10)
    at startup (bootstrap_node.js:188:16)
    at bootstrap_node.js:609:3
module.js:549
    throw err;
    ^

Error: Cannot find module 'C:\Program Files\nodejs\node_modules\npm\bin\node_modules\npm\bin\npm-cli.js'
    at Function.Module._resolveFilename (module.js:547:15)
    at Function.Module._load (module.js:474:25)
    at Function.Module.runMain (module.js:693:10)
    at startup (bootstrap_node.js:188:16)
    at bootstrap_node.js:609:3

	at io.appium.java_client.service.local.AppiumServiceBuilder.findNodeInCurrentFileSystem(AppiumServiceBuilder.java:157)
	... 24 more
... Removed 19 stack frames]]>
    </failure>
  </testcase> <!-- @BeforeSuite baseTestSetUp -->
  <testcase name="@BeforeClass launchingAndroidDriver" time="0.0" classname="baseplatformANDROID.BaseTest">
    <skipped/>
  </testcase> <!-- @BeforeClass launchingAndroidDriver -->
  <testcase name="@BeforeMethod cleanLognDevice" time="0.0" classname="baseplatformANDROID.BaseTest">
    <skipped/>
  </testcase> <!-- @BeforeMethod cleanLognDevice -->
  <testcase name="@BeforeMethod onStartingMethodWithinClass" time="0.0" classname="tests.android.performance.RebootAccessoryTest">
    <skipped/>
  </testcase> <!-- @BeforeMethod onStartingMethodWithinClass -->
  <testcase name="@AfterClass baseTearDown" time="0.0" classname="baseplatformANDROID.BaseTest">
    <skipped/>
  </testcase> <!-- @AfterClass baseTearDown -->
  <testcase name="rebootingAccessoryTest" time="0.001" classname="tests.android.performance.RebootAccessoryTest">
    <skipped/>
  </testcase> <!-- rebootingAccessoryTest -->
</testsuite> <!-- Test-Performance -->
